<?xml version="1.0" encoding="UTF-8"?>
<!-- Generated by org.testng.reporters.JUnitXMLReporter -->
<testsuite ignored="0" hostname="QSP" failures="1" tests="3" name="Test" time="35.062" errors="0" timestamp="2021-11-28T10:41:13 IST">
  <testcase classname="testng.Testcase1" name="tc1" time="3.832">
    <failure type="java.lang.AssertionError" message="The following asserts failed:
	expected [uytfghggzgh] but found [Facebook – log in or sign up]">
      <![CDATA[java.lang.AssertionError: The following asserts failed:
expected [uytfghggzgh] but found [Facebook – log in or sign up]
at testng.Testcase1.tc1(Testcase1.java:42)
at java.base/java.util.ArrayList.forEach(ArrayList.java:1511)
... Removed 29 stack frames]]>
    </failure>
  </testcase> <!-- tc1 -->
  <testcase classname="testng.Testcase2" name="tc2" time="2.732"/>
  <testcase classname="testng.Testcase3" name="tc3" time="5.397"/>
</testsuite> <!-- Test -->
